[+] Containers:
 |- [+] Container: /Game/ThirdPerson/Maps/ThirdPersonMap
 |   |- [+] ActorDescs:
 |   |   |- Guid:3A00AA1C422CE54C0BDB60BAF471BFBB BaseClass: NativeClass:/Script/Engine.PlayerStart Name:PlayerStart_0 Label:PlayerStart SpatiallyLoaded:0 Bounds:IsValid=true, Min=(X=911.345 Y=1117.072 Z=174.776), Max=(X=991.345 Y=1197.072 Z=358.776) RuntimeGrid:None EditorOnly:0 RuntimeOnly:0 HLODRelevant:0 ListedInSceneOutliner:1 IsMainWorldOnly:0
 |   |   |- Guid:3A3790B949AE637B0FC25A8C7F5C4873 BaseClass:/Game/Resources/blackhole2/PlanetRing.PlanetRing_C NativeClass:/Script/Engine.Actor Name:PlanetRing_C_UAID_047C1684FEE4ECF401_1586138382 Label:PlanetRing SpatiallyLoaded:1 Bounds:IsValid=true, Min=(X=925.234 Y=810.397 Z=221.664), Max=(X=1612.442 Y=1497.675 Z=235.414) RuntimeGrid:None EditorOnly:0 RuntimeOnly:0 HLODRelevant:0 ListedInSceneOutliner:1 IsMainWorldOnly:0
 |   |   |- Guid:45954970407C5330F5146684C853AF90 BaseClass:/Game/GameManagement/BP_Opponent.BP_Opponent_C NativeClass:/Script/Engine.Actor Name:BP_Opponent_C_UAID_047C1684FEE44DF501_2035658433 Label:BP_Opponent3 SpatiallyLoaded:1 Bounds:IsValid=true, Min=(X=1402.695 Y=1504.708 Z=381.765), Max=(X=1402.695 Y=1504.708 Z=381.765) RuntimeGrid:None EditorOnly:0 RuntimeOnly:0 HLODRelevant:0 ListedInSceneOutliner:1 IsMainWorldOnly:0
 |   |   |- Guid:6BAF4DDD444C60371492D3919DB42C97 BaseClass: NativeClass:/Script/Engine.WorldDataLayers Name:WorldDataLayers Label:WorldDataLayers SpatiallyLoaded:0 Bounds:IsValid=true, Min=(X=0.000 Y=0.000 Z=0.000), Max=(X=0.000 Y=0.000 Z=0.000) RuntimeGrid:None EditorOnly:0 RuntimeOnly:0 HLODRelevant:0 ListedInSceneOutliner:1 IsMainWorldOnly:1
 |   |   |- Guid:7276A830495DCAB48FD82B8EFC315D4A BaseClass:/Game/GameManagement/GameManager.GameManager_C NativeClass:/Script/Engine.Actor Name:GameManager_C_UAID_047C1684FEE46EF201_2002596071 Label:GameManager SpatiallyLoaded:1 Bounds:IsValid=true, Min=(X=1330.000 Y=1060.000 Z=0.000), Max=(X=1330.000 Y=1060.000 Z=0.000) RuntimeGrid:None EditorOnly:0 RuntimeOnly:0 HLODRelevant:0 ListedInSceneOutliner:1 IsMainWorldOnly:0
 |   |   |- Guid:E0C7B6324961FFDB084C40BDF0DAFE32 BaseClass:/Game/Resources/blackhole2/BlackHoleBP.BlackHoleBP_C NativeClass:/Script/Engine.Actor Name:BlackHoleBP_C_UAID_047C1684FEE4ECF401_1141518378 Label:BlackHoleBP SpatiallyLoaded:1 Bounds:IsValid=true, Min=(X=1170.792 Y=1055.018 Z=136.564), Max=(X=1372.042 Y=1256.268 Z=337.770) RuntimeGrid:None EditorOnly:0 RuntimeOnly:0 HLODRelevant:0 ListedInSceneOutliner:1 IsMainWorldOnly:0
 |   |   |- Guid:E470947741F5C1615254E39CA07BBA3B BaseClass:/Game/GameManagement/BP_Opponent.BP_Opponent_C NativeClass:/Script/Engine.Actor Name:BP_Opponent_C_UAID_047C1684FEE44DF501_2028240432 Label:BP_Opponent2 SpatiallyLoaded:1 Bounds:IsValid=true, Min=(X=1476.796 Y=946.536 Z=531.074), Max=(X=1476.796 Y=946.536 Z=531.074) RuntimeGrid:None EditorOnly:0 RuntimeOnly:0 HLODRelevant:0 ListedInSceneOutliner:1 IsMainWorldOnly:0
 |   |   |- Guid:EC4E0C944CE6AC6E784BC6BB2916EA13 BaseClass: NativeClass:/Script/Engine.StaticMeshActor Name:StaticMeshActor_UAID_A4AE111137DC5EFB00_1110535423 Label:SM_SkySphere SpatiallyLoaded:0 Bounds:IsValid=true, Min=(X=-1638400.000 Y=-1898014.195 Z=-1898014.195), Max=(X=1638400.000 Y=1898014.195 Z=1898014.195) RuntimeGrid:None EditorOnly:0 RuntimeOnly:0 HLODRelevant:1 ListedInSceneOutliner:1 IsMainWorldOnly:0 FolderPath:Lighting FolderGuid:963EC3EB4002CCE9759E2EBA541A873A
 |   |   |- Guid:F429E76F4F9B3C5E1C993594452BC5B7 BaseClass:/Game/GameManagement/BP_Opponent.BP_Opponent_C NativeClass:/Script/Engine.Actor Name:BP_Opponent_C_UAID_047C1684FEE44DF501_1724086431 Label:BP_Opponent SpatiallyLoaded:1 Bounds:IsValid=true, Min=(X=1304.513 Y=705.195 Z=364.968), Max=(X=1304.513 Y=705.195 Z=364.968) RuntimeGrid:None EditorOnly:0 RuntimeOnly:0 HLODRelevant:0 ListedInSceneOutliner:1 IsMainWorldOnly:0
 |   |- [+] Clusters:
 |   |   |- [+] [  0]
 |   |   |   |- Guid:3A00AA1C422CE54C0BDB60BAF471BFBB BaseClass: NativeClass:/Script/Engine.PlayerStart Name:PlayerStart_0 Label:PlayerStart SpatiallyLoaded:0 Bounds:IsValid=true, Min=(X=911.345 Y=1117.072 Z=174.776), Max=(X=991.345 Y=1197.072 Z=358.776) RuntimeGrid:None EditorOnly:0 RuntimeOnly:0 HLODRelevant:0 ListedInSceneOutliner:1 IsMainWorldOnly:0
 |   |   |- [+] [  1]
 |   |   |   |- Guid:3A3790B949AE637B0FC25A8C7F5C4873 BaseClass:/Game/Resources/blackhole2/PlanetRing.PlanetRing_C NativeClass:/Script/Engine.Actor Name:PlanetRing_C_UAID_047C1684FEE4ECF401_1586138382 Label:PlanetRing SpatiallyLoaded:1 Bounds:IsValid=true, Min=(X=925.234 Y=810.397 Z=221.664), Max=(X=1612.442 Y=1497.675 Z=235.414) RuntimeGrid:None EditorOnly:0 RuntimeOnly:0 HLODRelevant:0 ListedInSceneOutliner:1 IsMainWorldOnly:0
 |   |   |- [+] [  2]
 |   |   |   |- Guid:45954970407C5330F5146684C853AF90 BaseClass:/Game/GameManagement/BP_Opponent.BP_Opponent_C NativeClass:/Script/Engine.Actor Name:BP_Opponent_C_UAID_047C1684FEE44DF501_2035658433 Label:BP_Opponent3 SpatiallyLoaded:1 Bounds:IsValid=true, Min=(X=1402.695 Y=1504.708 Z=381.765), Max=(X=1402.695 Y=1504.708 Z=381.765) RuntimeGrid:None EditorOnly:0 RuntimeOnly:0 HLODRelevant:0 ListedInSceneOutliner:1 IsMainWorldOnly:0
 |   |   |- [+] [  3]
 |   |   |   |- Guid:6BAF4DDD444C60371492D3919DB42C97 BaseClass: NativeClass:/Script/Engine.WorldDataLayers Name:WorldDataLayers Label:WorldDataLayers SpatiallyLoaded:0 Bounds:IsValid=true, Min=(X=0.000 Y=0.000 Z=0.000), Max=(X=0.000 Y=0.000 Z=0.000) RuntimeGrid:None EditorOnly:0 RuntimeOnly:0 HLODRelevant:0 ListedInSceneOutliner:1 IsMainWorldOnly:1
 |   |   |- [+] [  4]
 |   |   |   |- Guid:7276A830495DCAB48FD82B8EFC315D4A BaseClass:/Game/GameManagement/GameManager.GameManager_C NativeClass:/Script/Engine.Actor Name:GameManager_C_UAID_047C1684FEE46EF201_2002596071 Label:GameManager SpatiallyLoaded:1 Bounds:IsValid=true, Min=(X=1330.000 Y=1060.000 Z=0.000), Max=(X=1330.000 Y=1060.000 Z=0.000) RuntimeGrid:None EditorOnly:0 RuntimeOnly:0 HLODRelevant:0 ListedInSceneOutliner:1 IsMainWorldOnly:0
 |   |   |- [+] [  5]
 |   |   |   |- Guid:E0C7B6324961FFDB084C40BDF0DAFE32 BaseClass:/Game/Resources/blackhole2/BlackHoleBP.BlackHoleBP_C NativeClass:/Script/Engine.Actor Name:BlackHoleBP_C_UAID_047C1684FEE4ECF401_1141518378 Label:BlackHoleBP SpatiallyLoaded:1 Bounds:IsValid=true, Min=(X=1170.792 Y=1055.018 Z=136.564), Max=(X=1372.042 Y=1256.268 Z=337.770) RuntimeGrid:None EditorOnly:0 RuntimeOnly:0 HLODRelevant:0 ListedInSceneOutliner:1 IsMainWorldOnly:0
 |   |   |- [+] [  6]
 |   |   |   |- Guid:E470947741F5C1615254E39CA07BBA3B BaseClass:/Game/GameManagement/BP_Opponent.BP_Opponent_C NativeClass:/Script/Engine.Actor Name:BP_Opponent_C_UAID_047C1684FEE44DF501_2028240432 Label:BP_Opponent2 SpatiallyLoaded:1 Bounds:IsValid=true, Min=(X=1476.796 Y=946.536 Z=531.074), Max=(X=1476.796 Y=946.536 Z=531.074) RuntimeGrid:None EditorOnly:0 RuntimeOnly:0 HLODRelevant:0 ListedInSceneOutliner:1 IsMainWorldOnly:0
 |   |   |- [+] [  7]
 |   |   |   |- Guid:EC4E0C944CE6AC6E784BC6BB2916EA13 BaseClass: NativeClass:/Script/Engine.StaticMeshActor Name:StaticMeshActor_UAID_A4AE111137DC5EFB00_1110535423 Label:SM_SkySphere SpatiallyLoaded:0 Bounds:IsValid=true, Min=(X=-1638400.000 Y=-1898014.195 Z=-1898014.195), Max=(X=1638400.000 Y=1898014.195 Z=1898014.195) RuntimeGrid:None EditorOnly:0 RuntimeOnly:0 HLODRelevant:1 ListedInSceneOutliner:1 IsMainWorldOnly:0 FolderPath:Lighting FolderGuid:963EC3EB4002CCE9759E2EBA541A873A
 |   |   |- [+] [  8]
 |   |   |   |- Guid:F429E76F4F9B3C5E1C993594452BC5B7 BaseClass:/Game/GameManagement/BP_Opponent.BP_Opponent_C NativeClass:/Script/Engine.Actor Name:BP_Opponent_C_UAID_047C1684FEE44DF501_1724086431 Label:BP_Opponent SpatiallyLoaded:1 Bounds:IsValid=true, Min=(X=1304.513 Y=705.195 Z=364.968), Max=(X=1304.513 Y=705.195 Z=364.968) RuntimeGrid:None EditorOnly:0 RuntimeOnly:0 HLODRelevant:0 ListedInSceneOutliner:1 IsMainWorldOnly:0
 |- ContainerInstances:
 |- [+] MainContainer:
 |   |-        ID: 00000000000000000000000000000000
 |   |-  ParentID: 00000000000000000000000000000000
 |   |-    Bounds: IsValid=false, Min=(X=0.000 Y=0.000 Z=0.000), Max=(X=0.000 Y=0.000 Z=0.000)
 |   |- Transform: 0.000000,0.000000,0.000000|0.000000,0.000000,-0.000000|1.000000,1.000000,1.000000
 |   |- Container: /Game/ThirdPerson/Maps/ThirdPersonMap
----------------------------------------------------------------------------------------------------------------
ThirdPersonMap - Persistent Level
----------------------------------------------------------------------------------------------------------------
[+] Content of ThirdPersonMap Persistent Level
 |- Always loaded Actor Count: 16 
 |- Actor Path: /Game/ThirdPerson/Maps/ThirdPersonMap.ThirdPersonMap:PersistentLevel.AbstractNavData-Default
 |- Actor Package: /Game/ThirdPerson/Maps/ThirdPersonMap
 |- Actor Path: /Game/ThirdPerson/Maps/ThirdPersonMap.ThirdPersonMap:PersistentLevel.BlackHoleBP_C_UAID_047C1684FEE4ECF401_1141518378
 |- Actor Package: /Game/__ExternalActors__/ThirdPerson/Maps/ThirdPersonMap/B/ZM/0DX9Y3AC52BWPE7WJ2NFKA
 |- Actor Path: /Game/ThirdPerson/Maps/ThirdPersonMap.ThirdPersonMap:PersistentLevel.BP_Opponent_C_UAID_047C1684FEE44DF501_1724086431
 |- Actor Package: /Game/__ExternalActors__/ThirdPerson/Maps/ThirdPersonMap/A/EJ/B63D1EOJHEABF0OPJ5SVSV
 |- Actor Path: /Game/ThirdPerson/Maps/ThirdPersonMap.ThirdPersonMap:PersistentLevel.BP_Opponent_C_UAID_047C1684FEE44DF501_2028240432
 |- Actor Package: /Game/__ExternalActors__/ThirdPerson/Maps/ThirdPersonMap/C/6Z/J1UJCC40FYATJU6X7CTVUS
 |- Actor Path: /Game/ThirdPerson/Maps/ThirdPersonMap.ThirdPersonMap:PersistentLevel.BP_Opponent_C_UAID_047C1684FEE44DF501_2035658433
 |- Actor Package: /Game/__ExternalActors__/ThirdPerson/Maps/ThirdPersonMap/7/MW/Y6LV5CITRJFU22C6CGIHUI
 |- Actor Path: /Game/ThirdPerson/Maps/ThirdPersonMap.ThirdPersonMap:PersistentLevel.Brush_0
 |- Actor Package: /Game/ThirdPerson/Maps/ThirdPersonMap
 |- Actor Path: /Game/ThirdPerson/Maps/ThirdPersonMap.ThirdPersonMap:PersistentLevel.DefaultPhysicsVolume_0
 |- Actor Package: /Game/ThirdPerson/Maps/ThirdPersonMap
 |- Actor Path: /Game/ThirdPerson/Maps/ThirdPersonMap.ThirdPersonMap:PersistentLevel.GameManager_C_UAID_047C1684FEE46EF201_2002596071
 |- Actor Package: /Game/__ExternalActors__/ThirdPerson/Maps/ThirdPersonMap/4/LH/CWXPDPZR8R2SCKDEWDNRC7
 |- Actor Path: /Game/ThirdPerson/Maps/ThirdPersonMap.ThirdPersonMap:PersistentLevel.GameplayDebuggerPlayerManager_0
 |- Actor Package: /Game/ThirdPerson/Maps/ThirdPersonMap
 |- Actor Path: /Game/ThirdPerson/Maps/ThirdPersonMap.ThirdPersonMap:PersistentLevel.PlanetRing_C_UAID_047C1684FEE4ECF401_1586138382
 |- Actor Package: /Game/__ExternalActors__/ThirdPerson/Maps/ThirdPersonMap/B/OK/TXBG2TBSC7MWNJKWHCYK26
 |- Actor Path: /Game/ThirdPerson/Maps/ThirdPersonMap.ThirdPersonMap:PersistentLevel.PlayerStart_0
 |- Actor Package: /Game/__ExternalActors__/ThirdPerson/Maps/ThirdPersonMap/D/DE/SWSI13675DVYIZ0N4NF7Y3
 |- Actor Path: /Game/ThirdPerson/Maps/ThirdPersonMap.ThirdPersonMap:PersistentLevel.StaticMeshActor_UAID_A4AE111137DC5EFB00_1110535423
 |- Actor Package: /Game/__ExternalActors__/ThirdPerson/Maps/ThirdPersonMap/4/PN/2QISIGK5DJNQ05US8O8FXW
 |- Actor Path: /Game/ThirdPerson/Maps/ThirdPersonMap.ThirdPersonMap:PersistentLevel.ThirdPersonMap_C_2
 |- Actor Package: /Game/ThirdPerson/Maps/ThirdPersonMap
 |- Actor Path: /Game/ThirdPerson/Maps/ThirdPersonMap.ThirdPersonMap:PersistentLevel.WorldDataLayers
 |- Actor Package: /Game/__ExternalActors__/ThirdPerson/Maps/ThirdPersonMap/0/43/HYQWORMY4JDQ5X3OKZXFLC
 |- Actor Path: /Game/ThirdPerson/Maps/ThirdPersonMap.ThirdPersonMap:PersistentLevel.WorldInfo_0
 |- Actor Package: /Game/ThirdPerson/Maps/ThirdPersonMap
 |- Actor Path: /Game/ThirdPerson/Maps/ThirdPersonMap.ThirdPersonMap:PersistentLevel.WorldPartitionMiniMap_0
 |- Actor Package: /Game/__ExternalActors__/ThirdPerson/Maps/ThirdPersonMap/E/FR/LBG6LPN5JCL3FMVSI2CK6R

----------------------------------------------------------------------------------------------------------------
ThirdPersonMap - Runtime Spatial Hash - Streaming Grid - MainGrid
----------------------------------------------------------------------------------------------------------------
            Origin: X=0.000 Y=0.000 Z=0.000
         Cell Size: 12800
      World Bounds: IsValid=false, Min=(X=0.000 Y=0.000 Z=0.000), Max=(X=0.000 Y=0.000 Z=0.000)
     Loading Range: 25600.00
Block Slow Loading: No
 ClientOnlyVisible: No
            Origin: X=0.000 Y=0.000 Z=0.000

[+] Grid Levels: 1
 |- Level  0: Cell Count    0 | Cell Size   12800 | Actor Count    0 (0.0%)

[+] Content of Grid Level 0

